<?xml version="1.0" encoding="UTF-8"?>
<!-- Generated by org.testng.reporters.JUnitXMLReporter -->
<testsuite hostname="ABBALMOO-IN" ignored="0" name="Default test" tests="3" failures="0" timestamp="2020-03-23T07:45:12 IST" time="0.098" errors="0">
  <testcase name="c_test3" time="0.017" classname="flipkartDemo.TestNgClass"/>
  <testcase name="z_test4" time="0.001" classname="flipkartDemo.TestNgClass"/>
  <testcase name="a_test1" time="0.003" classname="flipkartDemo.TestNgClass"/>
</testsuite> <!-- Default test -->
